<?xml version="1.0" encoding="UTF-8"?>
<!-- Generated by org.testng.reporters.JUnitXMLReporter -->
<testsuite ignored="4" hostname="rajnishatrismbp.lan" failures="0" tests="3" name="Test" time="121.02" errors="0" timestamp="2025-09-10T09:22:31 CDT">
  <testcase classname="com.ninza.crm.campaignstest.CreateCampaignTest" name="createCamapignWithMandataoryFieldsTest" time="14.797"/>
  <testcase classname="com.ninza.crm.campaignstest.CreateCampaignTest" name="createCampaignWithExpectedCloseDateTest" time="5.979"/>
  <testcase classname="com.ninza.crm.producttest.copy2.CreateProductTest" name="reateProductWithMandatoryFieldTest" time="22.216"/>
  <testcase classname="com.ninza.crm.baseclass.BaseClass" name="@AfterTest afterTest" time="0.0">
    <ignored/>
  </testcase> <!-- @AfterTest afterTest -->
  <testcase classname="com.ninza.crm.baseclass.BaseClass" name="@BeforeTest BeforeTest" time="0.0">
    <ignored/>
  </testcase> <!-- @BeforeTest BeforeTest -->
  <testcase classname="com.ninza.crm.baseclass.BaseClass" name="@AfterSuite afterSuite" time="0.0">
    <ignored/>
  </testcase> <!-- @AfterSuite afterSuite -->
  <testcase classname="com.ninza.crm.baseclass.BaseClass" name="@BeforeSuite beforeSuite" time="0.0">
    <ignored/>
  </testcase> <!-- @BeforeSuite beforeSuite -->
</testsuite> <!-- Test -->
